-500-Server Internal ErrorError
1616416079828-500-Server Internal ErrorError
1616416133790-500-Server Internal Error- Error -
1616416176965-500-Server Internal Error
1616417763571-/-500-Server Internal Error
1616417831270-/-500-Server Internal Error
1616417848399-/?!@-500-Server Internal Error
1616417877048-/?%3C%3E%27%27%3E-500-Server Internal Error
1616418964363-/-500-Server Internal Error
1616420190320-/-500-Server Internal Errorerror
1616420260289-/-500-Server Internal Error-error
1616420306998-/log-500-Server Internal ErrorENOENT: no such file or directory, open '../data_log/request.log'
1616420365091-/log-500-Server Internal Error-ENOENT: no such file or directory, open '../data_log/request.log'
1616420444750-/log-500-Server Internal Error-ENOENT: no such file or directory, open '../data_log/error.log'
1616420553158-/?-%27%22%22%3Cscript%3E-500-Server Internal Error-error
1616420592555-/?-%27%22%22%3Cscript%3E-500-Server Internal Error-error
1616420789617-/?-%27%22%22%3Cscript%3E-500-Server Internal Error-error
1616420819774-/?-%27%22%22%3Cscript%3E-500-Server Internal Error-error
1616421056646-/?-%27%22%22%3Cscript%3E-500-Server Internal Error-error
1616421157534-/?-%27%22%22%3Cscript%3E-500-Server Internal Error-error
1616421229757-/?-%27%22%22%3Cscript%3E-500-Server Internal Error-error
1616421235362-/?-%3Cscript%3E%27%22%22-500-Server Internal Error-error
